<?xml version="1.0" encoding="UTF-8"?>
<!-- Generated by org.testng.reporters.JUnitReportReporter -->
<testsuite hostname="Sentinel" failures="0" tests="3" name="com.tutorialsninja.qa.testcases.Login" time="15.369" errors="0" timestamp="2025-01-19T18:23:48 IST" skipped="0">
  <testcase classname="com.tutorialsninja.qa.testcases.Login" name="verifyLoginWithValidCredentiols" time="5.563"/>
  <testcase classname="com.tutorialsninja.qa.testcases.Login" name="verifyLoginWithInvalidEmail" time="5.186"/>
  <testcase classname="com.tutorialsninja.qa.testcases.Login" name="verifyLoginWithInvalidCredentials" time="4.620"/>
</testsuite> <!-- com.tutorialsninja.qa.testcases.Login -->
