<?xml version="1.0" encoding="UTF-8"?>
<!-- Generated by org.testng.reporters.JUnitReportReporter -->
<testsuite hostname="Sentinel" failures="0" tests="1" name="com.tutorialsninja.qa.testcases.Search" time="3.908" errors="0" timestamp="2025-01-19T18:23:48 IST" skipped="0">
  <testcase classname="com.tutorialsninja.qa.testcases.Search" name="verifyValidSearch" time="3.908"/>
</testsuite> <!-- com.tutorialsninja.qa.testcases.Search -->
